[debug] [2026-04-23T02:46:42.497Z] ----------------------------------------------------------------------
[debug] [2026-04-23T02:46:42.499Z] Command:       /usr/local/bin/node /usr/local/bin/firebase emulators:start --project carebid-local --only auth,ui
[debug] [2026-04-23T02:46:42.499Z] CLI Version:   13.35.1
[debug] [2026-04-23T02:46:42.499Z] Platform:      linux
[debug] [2026-04-23T02:46:42.499Z] Node Version:  v20.20.2
[debug] [2026-04-23T02:46:42.499Z] Time:          Thu Apr 23 2026 02:46:42 GMT+0000 (Coordinated Universal Time)
[debug] [2026-04-23T02:46:42.499Z] ----------------------------------------------------------------------
[debug] 
[debug] [2026-04-23T02:46:42.500Z] >>> [apiv2][query] GET https://firebase-public.firebaseio.com/cli.json [none]
[debug] [2026-04-23T02:46:42.640Z] > command requires scopes: ["email","openid","https://www.googleapis.com/auth/cloudplatformprojects.readonly","https://www.googleapis.com/auth/firebase","https://www.googleapis.com/auth/cloud-platform"]
[debug] Failed to authenticate, have you run firebase login?
[warn] ⚠  emulators: You are not currently authenticated so some features may not work correctly. Please run firebase login to authenticate the CLI. 
[info] i  emulators: Starting emulators: auth {"metadata":{"emulator":{"name":"hub"},"message":"Starting emulators: auth"}}
[warn] ⚠  ui: Not starting the ui emulator, make sure you have run firebase init. {"metadata":{"emulator":{"name":"ui"},"message":"Not starting the ui emulator, make sure you have run firebase init."}}
[debug] [2026-04-23T02:46:42.652Z] [logging] Logging Emulator only supports listening on one address (127.0.0.1). Not listening on ::1
[debug] [2026-04-23T02:46:42.653Z] assigned listening specs for emulators {"user":{"ui":[{"address":"0.0.0.0","family":"IPv4","port":4000}],"auth":[{"address":"0.0.0.0","family":"IPv4","port":9099}],"hub":[{"address":"127.0.0.1","family":"IPv4","port":4400},{"address":"::1","family":"IPv6","port":4400}],"logging":[{"address":"127.0.0.1","family":"IPv4","port":4500}]},"metadata":{"message":"assigned listening specs for emulators"}}
[debug] [2026-04-23T02:46:42.654Z] [hub] writing locator at /tmp/hub-carebid-local.json
[info] i  ui: downloading ui-v1.14.0.zip... {"metadata":{"emulator":{"name":"ui"},"message":"downloading ui-v1.14.0.zip..."}}
[debug] [2026-04-23T02:46:45.842Z] >>> [apiv2][query] GET https://storage.googleapis.com/firebase-preview-drop/emulator/ui-v1.14.0.zip 
[debug] [2026-04-23T02:46:45.906Z] <<< [apiv2][status] GET https://storage.googleapis.com/firebase-preview-drop/emulator/ui-v1.14.0.zip 200
[debug] [2026-04-23T02:46:45.906Z] <<< [apiv2][body] GET https://storage.googleapis.com/firebase-preview-drop/emulator/ui-v1.14.0.zip [stream]
[debug] [2026-04-23T02:46:46.046Z] Data is 3615311
[debug] [2026-04-23T02:46:46.046Z] [unzip] Entry: client/ (compressed_size=0 bytes, uncompressed_size=0 bytes)
[debug] [2026-04-23T02:46:46.046Z] [unzip] Processing entry: client/
[debug] [2026-04-23T02:46:46.046Z] [unzip] mkdir: /root/.cache/firebase/emulators/ui-v1.14.0/client/
[debug] [2026-04-23T02:46:46.046Z] [unzip] Entry: client/favicon-16x16.png (compressed_size=293 bytes, uncompressed_size=293 bytes)
[debug] [2026-04-23T02:46:46.046Z] [unzip] Processing entry: client/favicon-16x16.png
[debug] [2026-04-23T02:46:46.046Z] [unzip] else mkdir: /root/.cache/firebase/emulators/ui-v1.14.0/client
[debug] [2026-04-23T02:46:46.047Z] [unzip] Writing file: /root/.cache/firebase/emulators/ui-v1.14.0/client/favicon-16x16.png
[debug] [2026-04-23T02:46:46.047Z] [unzip] Entry: client/safari-pinned-tab.svg (compressed_size=1433 bytes, uncompressed_size=2611 bytes)
[debug] [2026-04-23T02:46:46.047Z] [unzip] Processing entry: client/safari-pinned-tab.svg
[debug] [2026-04-23T02:46:46.047Z] [unzip] else mkdir: /root/.cache/firebase/emulators/ui-v1.14.0/client
[debug] [2026-04-23T02:46:46.047Z] [unzip] deflating: /root/.cache/firebase/emulators/ui-v1.14.0/client/safari-pinned-tab.svg
[debug] [2026-04-23T02:46:46.049Z] [unzip] Entry: client/favicon.ico (compressed_size=2933 bytes, uncompressed_size=13294 bytes)
[debug] [2026-04-23T02:46:46.049Z] [unzip] Processing entry: client/favicon.ico
[debug] [2026-04-23T02:46:46.049Z] [unzip] else mkdir: /root/.cache/firebase/emulators/ui-v1.14.0/client
[debug] [2026-04-23T02:46:46.049Z] [unzip] deflating: /root/.cache/firebase/emulators/ui-v1.14.0/client/favicon.ico
[debug] [2026-04-23T02:46:46.050Z] [unzip] Entry: client/index.html (compressed_size=1363 bytes, uncompressed_size=3071 bytes)
[debug] [2026-04-23T02:46:46.050Z] [unzip] Processing entry: client/index.html
[debug] [2026-04-23T02:46:46.050Z] [unzip] else mkdir: /root/.cache/firebase/emulators/ui-v1.14.0/client
[debug] [2026-04-23T02:46:46.050Z] [unzip] deflating: /root/.cache/firebase/emulators/ui-v1.14.0/client/index.html
[debug] [2026-04-23T02:46:46.051Z] [unzip] Entry: client/android-chrome-192x192.png (compressed_size=2684 bytes, uncompressed_size=2684 bytes)
[debug] [2026-04-23T02:46:46.051Z] [unzip] Processing entry: client/android-chrome-192x192.png
[debug] [2026-04-23T02:46:46.051Z] [unzip] else mkdir: /root/.cache/firebase/emulators/ui-v1.14.0/client
[debug] [2026-04-23T02:46:46.051Z] [unzip] Writing file: /root/.cache/firebase/emulators/ui-v1.14.0/client/android-chrome-192x192.png
[debug] [2026-04-23T02:46:46.051Z] [unzip] Entry: client/apple-touch-icon.png (compressed_size=2123 bytes, uncompressed_size=2152 bytes)
[debug] [2026-04-23T02:46:46.051Z] [unzip] Processing entry: client/apple-touch-icon.png
[debug] [2026-04-23T02:46:46.051Z] [unzip] else mkdir: /root/.cache/firebase/emulators/ui-v1.14.0/client
[debug] [2026-04-23T02:46:46.051Z] [unzip] deflating: /root/.cache/firebase/emulators/ui-v1.14.0/client/apple-touch-icon.png
[debug] [2026-04-23T02:46:46.052Z] [unzip] Entry: client/android-chrome-512x512.png (compressed_size=5369 bytes, uncompressed_size=5411 bytes)
[debug] [2026-04-23T02:46:46.052Z] [unzip] Processing entry: client/android-chrome-512x512.png
[debug] [2026-04-23T02:46:46.052Z] [unzip] else mkdir: /root/.cache/firebase/emulators/ui-v1.14.0/client
[debug] [2026-04-23T02:46:46.052Z] [unzip] deflating: /root/.cache/firebase/emulators/ui-v1.14.0/client/android-chrome-512x512.png
[debug] [2026-04-23T02:46:46.053Z] [unzip] Entry: client/manifest.json (compressed_size=245 bytes, uncompressed_size=551 bytes)
[debug] [2026-04-23T02:46:46.053Z] [unzip] Processing entry: client/manifest.json
[debug] [2026-04-23T02:46:46.053Z] [unzip] else mkdir: /root/.cache/firebase/emulators/ui-v1.14.0/client
[debug] [2026-04-23T02:46:46.053Z] [unzip] deflating: /root/.cache/firebase/emulators/ui-v1.14.0/client/manifest.json
[debug] [2026-04-23T02:46:46.053Z] [unzip] Entry: client/robots.txt (compressed_size=26 bytes, uncompressed_size=26 bytes)
[debug] [2026-04-23T02:46:46.053Z] [unzip] Processing entry: client/robots.txt
[debug] [2026-04-23T02:46:46.053Z] [unzip] else mkdir: /root/.cache/firebase/emulators/ui-v1.14.0/client
[debug] [2026-04-23T02:46:46.053Z] [unzip] Writing file: /root/.cache/firebase/emulators/ui-v1.14.0/client/robots.txt
[debug] [2026-04-23T02:46:46.054Z] [unzip] Entry: client/mstile-150x150.png (compressed_size=2034 bytes, uncompressed_size=2034 bytes)
[debug] [2026-04-23T02:46:46.054Z] [unzip] Processing entry: client/mstile-150x150.png
[debug] [2026-04-23T02:46:46.054Z] [unzip] else mkdir: /root/.cache/firebase/emulators/ui-v1.14.0/client
[debug] [2026-04-23T02:46:46.054Z] [unzip] Writing file: /root/.cache/firebase/emulators/ui-v1.14.0/client/mstile-150x150.png
[debug] [2026-04-23T02:46:46.054Z] [unzip] Entry: client/assets/ (compressed_size=0 bytes, uncompressed_size=0 bytes)
[debug] [2026-04-23T02:46:46.054Z] [unzip] Processing entry: client/assets/
[debug] [2026-04-23T02:46:46.054Z] [unzip] mkdir: /root/.cache/firebase/emulators/ui-v1.14.0/client/assets/
[debug] [2026-04-23T02:46:46.054Z] [unzip] Entry: client/assets/index-ClZTY_JS.js.map (compressed_size=2328270 bytes, uncompressed_size=9947004 bytes)
[debug] [2026-04-23T02:46:46.054Z] [unzip] Processing entry: client/assets/index-ClZTY_JS.js.map
[debug] [2026-04-23T02:46:46.054Z] [unzip] else mkdir: /root/.cache/firebase/emulators/ui-v1.14.0/client/assets
[debug] [2026-04-23T02:46:46.054Z] [unzip] deflating: /root/.cache/firebase/emulators/ui-v1.14.0/client/assets/index-ClZTY_JS.js.map
[debug] [2026-04-23T02:46:46.103Z] [unzip] Entry: client/assets/index-ClZTY_JS.js (compressed_size=567195 bytes, uncompressed_size=2035940 bytes)
[debug] [2026-04-23T02:46:46.103Z] [unzip] Processing entry: client/assets/index-ClZTY_JS.js
[debug] [2026-04-23T02:46:46.103Z] [unzip] else mkdir: /root/.cache/firebase/emulators/ui-v1.14.0/client/assets
[debug] [2026-04-23T02:46:46.103Z] [unzip] deflating: /root/.cache/firebase/emulators/ui-v1.14.0/client/assets/index-ClZTY_JS.js
[debug] [2026-04-23T02:46:46.114Z] [unzip] Entry: client/assets/index-BdgySamB.css (compressed_size=35979 bytes, uncompressed_size=298654 bytes)
[debug] [2026-04-23T02:46:46.115Z] [unzip] Processing entry: client/assets/index-BdgySamB.css
[debug] [2026-04-23T02:46:46.115Z] [unzip] else mkdir: /root/.cache/firebase/emulators/ui-v1.14.0/client/assets
[debug] [2026-04-23T02:46:46.115Z] [unzip] deflating: /root/.cache/firebase/emulators/ui-v1.14.0/client/assets/index-BdgySamB.css
[debug] [2026-04-23T02:46:46.117Z] [unzip] Entry: client/assets/extensions/ (compressed_size=0 bytes, uncompressed_size=0 bytes)
[debug] [2026-04-23T02:46:46.117Z] [unzip] Processing entry: client/assets/extensions/
[debug] [2026-04-23T02:46:46.117Z] [unzip] mkdir: /root/.cache/firebase/emulators/ui-v1.14.0/client/assets/extensions/
[debug] [2026-04-23T02:46:46.117Z] [unzip] Entry: client/assets/extensions/default-extension.png (compressed_size=1646 bytes, uncompressed_size=1657 bytes)
[debug] [2026-04-23T02:46:46.117Z] [unzip] Processing entry: client/assets/extensions/default-extension.png
[debug] [2026-04-23T02:46:46.117Z] [unzip] else mkdir: /root/.cache/firebase/emulators/ui-v1.14.0/client/assets/extensions
[debug] [2026-04-23T02:46:46.117Z] [unzip] deflating: /root/.cache/firebase/emulators/ui-v1.14.0/client/assets/extensions/default-extension.png
[debug] [2026-04-23T02:46:46.118Z] [unzip] Entry: client/assets/img/ (compressed_size=0 bytes, uncompressed_size=0 bytes)
[debug] [2026-04-23T02:46:46.118Z] [unzip] Processing entry: client/assets/img/
[debug] [2026-04-23T02:46:46.118Z] [unzip] mkdir: /root/.cache/firebase/emulators/ui-v1.14.0/client/assets/img/
[debug] [2026-04-23T02:46:46.118Z] [unzip] Entry: client/assets/img/database.png (compressed_size=29449 bytes, uncompressed_size=29988 bytes)
[debug] [2026-04-23T02:46:46.118Z] [unzip] Processing entry: client/assets/img/database.png
[debug] [2026-04-23T02:46:46.118Z] [unzip] else mkdir: /root/.cache/firebase/emulators/ui-v1.14.0/client/assets/img
[debug] [2026-04-23T02:46:46.118Z] [unzip] deflating: /root/.cache/firebase/emulators/ui-v1.14.0/client/assets/img/database.png
[debug] [2026-04-23T02:46:46.119Z] [unzip] Entry: client/assets/provider-icons/ (compressed_size=0 bytes, uncompressed_size=0 bytes)
[debug] [2026-04-23T02:46:46.119Z] [unzip] Processing entry: client/assets/provider-icons/
[debug] [2026-04-23T02:46:46.119Z] [unzip] mkdir: /root/.cache/firebase/emulators/ui-v1.14.0/client/assets/provider-icons/
[debug] [2026-04-23T02:46:46.119Z] [unzip] Entry: client/assets/provider-icons/auth_service_saml.svg (compressed_size=575 bytes, uncompressed_size=1226 bytes)
[debug] [2026-04-23T02:46:46.119Z] [unzip] Processing entry: client/assets/provider-icons/auth_service_saml.svg
[debug] [2026-04-23T02:46:46.119Z] [unzip] else mkdir: /root/.cache/firebase/emulators/ui-v1.14.0/client/assets/provider-icons
[debug] [2026-04-23T02:46:46.119Z] [unzip] deflating: /root/.cache/firebase/emulators/ui-v1.14.0/client/assets/provider-icons/auth_service_saml.svg
[debug] [2026-04-23T02:46:46.120Z] [unzip] Entry: client/assets/provider-icons/auth_service_phone.svg (compressed_size=261 bytes, uncompressed_size=414 bytes)
[debug] [2026-04-23T02:46:46.120Z] [unzip] Processing entry: client/assets/provider-icons/auth_service_phone.svg
[debug] [2026-04-23T02:46:46.120Z] [unzip] else mkdir: /root/.cache/firebase/emulators/ui-v1.14.0/client/assets/provider-icons
[debug] [2026-04-23T02:46:46.120Z] [unzip] deflating: /root/.cache/firebase/emulators/ui-v1.14.0/client/assets/provider-icons/auth_service_phone.svg
[debug] [2026-04-23T02:46:46.121Z] [unzip] Entry: client/assets/provider-icons/auth_service_facebook.svg (compressed_size=289 bytes, uncompressed_size=457 bytes)
[debug] [2026-04-23T02:46:46.121Z] [unzip] Processing entry: client/assets/provider-icons/auth_service_facebook.svg
[debug] [2026-04-23T02:46:46.121Z] [unzip] else mkdir: /root/.cache/firebase/emulators/ui-v1.14.0/client/assets/provider-icons
[debug] [2026-04-23T02:46:46.121Z] [unzip] deflating: /root/.cache/firebase/emulators/ui-v1.14.0/client/assets/provider-icons/auth_service_facebook.svg
[debug] [2026-04-23T02:46:46.121Z] [unzip] Entry: client/assets/provider-icons/auth_service_game_center.svg (compressed_size=991 bytes, uncompressed_size=3921 bytes)
[debug] [2026-04-23T02:46:46.121Z] [unzip] Processing entry: client/assets/provider-icons/auth_service_game_center.svg
[debug] [2026-04-23T02:46:46.121Z] [unzip] else mkdir: /root/.cache/firebase/emulators/ui-v1.14.0/client/assets/provider-icons
[debug] [2026-04-23T02:46:46.121Z] [unzip] deflating: /root/.cache/firebase/emulators/ui-v1.14.0/client/assets/provider-icons/auth_service_game_center.svg
[debug] [2026-04-23T02:46:46.122Z] [unzip] Entry: client/assets/provider-icons/auth_service_apple.svg (compressed_size=230 bytes, uncompressed_size=334 bytes)
[debug] [2026-04-23T02:46:46.122Z] [unzip] Processing entry: client/assets/provider-icons/auth_service_apple.svg
[debug] [2026-04-23T02:46:46.122Z] [unzip] else mkdir: /root/.cache/firebase/emulators/ui-v1.14.0/client/assets/provider-icons
[debug] [2026-04-23T02:46:46.122Z] [unzip] deflating: /root/.cache/firebase/emulators/ui-v1.14.0/client/assets/provider-icons/auth_service_apple.svg
[debug] [2026-04-23T02:46:46.123Z] [unzip] Entry: client/assets/provider-icons/auth_service_github.svg (compressed_size=466 bytes, uncompressed_size=838 bytes)
[debug] [2026-04-23T02:46:46.123Z] [unzip] Processing entry: client/assets/provider-icons/auth_service_github.svg
[debug] [2026-04-23T02:46:46.123Z] [unzip] else mkdir: /root/.cache/firebase/emulators/ui-v1.14.0/client/assets/provider-icons
[debug] [2026-04-23T02:46:46.123Z] [unzip] deflating: /root/.cache/firebase/emulators/ui-v1.14.0/client/assets/provider-icons/auth_service_github.svg
[debug] [2026-04-23T02:46:46.123Z] [unzip] Entry: client/assets/provider-icons/auth_service_mslive.svg (compressed_size=203 bytes, uncompressed_size=378 bytes)
[debug] [2026-04-23T02:46:46.123Z] [unzip] Processing entry: client/assets/provider-icons/auth_service_mslive.svg
[debug] [2026-04-23T02:46:46.123Z] [unzip] else mkdir: /root/.cache/firebase/emulators/ui-v1.14.0/client/assets/provider-icons
[debug] [2026-04-23T02:46:46.123Z] [unzip] deflating: /root/.cache/firebase/emulators/ui-v1.14.0/client/assets/provider-icons/auth_service_mslive.svg
[debug] [2026-04-23T02:46:46.124Z] [unzip] Entry: client/assets/provider-icons/auth_service_yahoo.svg (compressed_size=577 bytes, uncompressed_size=1182 bytes)
[debug] [2026-04-23T02:46:46.124Z] [unzip] Processing entry: client/assets/provider-icons/auth_service_yahoo.svg
[debug] [2026-04-23T02:46:46.124Z] [unzip] else mkdir: /root/.cache/firebase/emulators/ui-v1.14.0/client/assets/provider-icons
[debug] [2026-04-23T02:46:46.124Z] [unzip] deflating: /root/.cache/firebase/emulators/ui-v1.14.0/client/assets/provider-icons/auth_service_yahoo.svg
[debug] [2026-04-23T02:46:46.124Z] [unzip] Entry: client/assets/provider-icons/auth_service_twitter.svg (compressed_size=444 bytes, uncompressed_size=751 bytes)
[debug] [2026-04-23T02:46:46.124Z] [unzip] Processing entry: client/assets/provider-icons/auth_service_twitter.svg
[debug] [2026-04-23T02:46:46.124Z] [unzip] else mkdir: /root/.cache/firebase/emulators/ui-v1.14.0/client/assets/provider-icons
[debug] [2026-04-23T02:46:46.124Z] [unzip] deflating: /root/.cache/firebase/emulators/ui-v1.14.0/client/assets/provider-icons/auth_service_twitter.svg
[debug] [2026-04-23T02:46:46.125Z] [unzip] Entry: client/assets/provider-icons/auth_service_play_games.svg (compressed_size=565 bytes, uncompressed_size=1173 bytes)
[debug] [2026-04-23T02:46:46.125Z] [unzip] Processing entry: client/assets/provider-icons/auth_service_play_games.svg
[debug] [2026-04-23T02:46:46.125Z] [unzip] else mkdir: /root/.cache/firebase/emulators/ui-v1.14.0/client/assets/provider-icons
[debug] [2026-04-23T02:46:46.125Z] [unzip] deflating: /root/.cache/firebase/emulators/ui-v1.14.0/client/assets/provider-icons/auth_service_play_games.svg
[debug] [2026-04-23T02:46:46.126Z] [unzip] Entry: client/assets/provider-icons/auth_service_email.svg (compressed_size=228 bytes, uncompressed_size=326 bytes)
[debug] [2026-04-23T02:46:46.126Z] [unzip] Processing entry: client/assets/provider-icons/auth_service_email.svg
[debug] [2026-04-23T02:46:46.126Z] [unzip] else mkdir: /root/.cache/firebase/emulators/ui-v1.14.0/client/assets/provider-icons
[debug] [2026-04-23T02:46:46.126Z] [unzip] deflating: /root/.cache/firebase/emulators/ui-v1.14.0/client/assets/provider-icons/auth_service_email.svg
[debug] [2026-04-23T02:46:46.126Z] [unzip] Entry: client/assets/provider-icons/auth_service_google.svg (compressed_size=409 bytes, uncompressed_size=720 bytes)
[debug] [2026-04-23T02:46:46.126Z] [unzip] Processing entry: client/assets/provider-icons/auth_service_google.svg
[debug] [2026-04-23T02:46:46.126Z] [unzip] else mkdir: /root/.cache/firebase/emulators/ui-v1.14.0/client/assets/provider-icons
[debug] [2026-04-23T02:46:46.126Z] [unzip] deflating: /root/.cache/firebase/emulators/ui-v1.14.0/client/assets/provider-icons/auth_service_google.svg
[debug] [2026-04-23T02:46:46.126Z] [unzip] Entry: client/assets/provider-icons/auth_service_oidc.svg (compressed_size=414 bytes, uncompressed_size=858 bytes)
[debug] [2026-04-23T02:46:46.127Z] [unzip] Processing entry: client/assets/provider-icons/auth_service_oidc.svg
[debug] [2026-04-23T02:46:46.127Z] [unzip] else mkdir: /root/.cache/firebase/emulators/ui-v1.14.0/client/assets/provider-icons
[debug] [2026-04-23T02:46:46.127Z] [unzip] deflating: /root/.cache/firebase/emulators/ui-v1.14.0/client/assets/provider-icons/auth_service_oidc.svg
[debug] [2026-04-23T02:46:46.127Z] [unzip] Entry: client/browserconfig.xml (compressed_size=491 bytes, uncompressed_size=822 bytes)
[debug] [2026-04-23T02:46:46.127Z] [unzip] Processing entry: client/browserconfig.xml
[debug] [2026-04-23T02:46:46.127Z] [unzip] else mkdir: /root/.cache/firebase/emulators/ui-v1.14.0/client
[debug] [2026-04-23T02:46:46.127Z] [unzip] deflating: /root/.cache/firebase/emulators/ui-v1.14.0/client/browserconfig.xml
[debug] [2026-04-23T02:46:46.127Z] [unzip] Entry: client/favicon-32x32.png (compressed_size=475 bytes, uncompressed_size=475 bytes)
[debug] [2026-04-23T02:46:46.127Z] [unzip] Processing entry: client/favicon-32x32.png
[debug] [2026-04-23T02:46:46.127Z] [unzip] else mkdir: /root/.cache/firebase/emulators/ui-v1.14.0/client
[debug] [2026-04-23T02:46:46.128Z] [unzip] Writing file: /root/.cache/firebase/emulators/ui-v1.14.0/client/favicon-32x32.png
[debug] [2026-04-23T02:46:46.128Z] [unzip] Entry: server/ (compressed_size=0 bytes, uncompressed_size=0 bytes)
[debug] [2026-04-23T02:46:46.128Z] [unzip] Processing entry: server/
[debug] [2026-04-23T02:46:46.128Z] [unzip] mkdir: /root/.cache/firebase/emulators/ui-v1.14.0/server/
[debug] [2026-04-23T02:46:46.128Z] [unzip] Entry: server/server.mjs.map (compressed_size=296496 bytes, uncompressed_size=1355667 bytes)
[debug] [2026-04-23T02:46:46.128Z] [unzip] Processing entry: server/server.mjs.map
[debug] [2026-04-23T02:46:46.128Z] [unzip] else mkdir: /root/.cache/firebase/emulators/ui-v1.14.0/server
[debug] [2026-04-23T02:46:46.128Z] [unzip] deflating: /root/.cache/firebase/emulators/ui-v1.14.0/server/server.mjs.map
[debug] [2026-04-23T02:46:46.134Z] [unzip] Entry: server/server.mjs (compressed_size=315701 bytes, uncompressed_size=1172682 bytes)
[debug] [2026-04-23T02:46:46.135Z] [unzip] Processing entry: server/server.mjs
[debug] [2026-04-23T02:46:46.135Z] [unzip] else mkdir: /root/.cache/firebase/emulators/ui-v1.14.0/server
[debug] [2026-04-23T02:46:46.135Z] [unzip] deflating: /root/.cache/firebase/emulators/ui-v1.14.0/server/server.mjs
[debug] [2026-04-23T02:46:46.141Z] [unzip] Entry: server/assets/ (compressed_size=0 bytes, uncompressed_size=0 bytes)
[debug] [2026-04-23T02:46:46.141Z] [unzip] Processing entry: server/assets/
[debug] [2026-04-23T02:46:46.141Z] [unzip] mkdir: /root/.cache/firebase/emulators/ui-v1.14.0/server/assets/
[debug] [2026-04-23T02:46:46.141Z] [unzip] Entry: server/assets/multipart-parser-DGCUZdXu.mjs.map (compressed_size=4791 bytes, uncompressed_size=17918 bytes)
[debug] [2026-04-23T02:46:46.141Z] [unzip] Processing entry: server/assets/multipart-parser-DGCUZdXu.mjs.map
[debug] [2026-04-23T02:46:46.141Z] [unzip] else mkdir: /root/.cache/firebase/emulators/ui-v1.14.0/server/assets
[debug] [2026-04-23T02:46:46.141Z] [unzip] deflating: /root/.cache/firebase/emulators/ui-v1.14.0/server/assets/multipart-parser-DGCUZdXu.mjs.map
[debug] [2026-04-23T02:46:46.141Z] [unzip] Entry: server/assets/multipart-parser-DGCUZdXu.mjs (compressed_size=2621 bytes, uncompressed_size=10390 bytes)
[debug] [2026-04-23T02:46:46.142Z] [unzip] Processing entry: server/assets/multipart-parser-DGCUZdXu.mjs
[debug] [2026-04-23T02:46:46.142Z] [unzip] else mkdir: /root/.cache/firebase/emulators/ui-v1.14.0/server/assets
[debug] [2026-04-23T02:46:46.142Z] [unzip] deflating: /root/.cache/firebase/emulators/ui-v1.14.0/server/assets/multipart-parser-DGCUZdXu.mjs
[debug] [2026-04-23T02:46:46.144Z] Could not find VSCode notification endpoint: FetchError: request to http://localhost:40001/vscode/notify failed, reason: . If you are not running the Firebase Data Connect VSCode extension, this is expected and not an issue.
[info] 
┌─────────────────────────────────────────────────────────────┐
│ ✔  All emulators ready! It is now safe to connect your app. │
│ i  View Emulator UI at http://127.0.0.1:4000/               │
└─────────────────────────────────────────────────────────────┘

┌────────────────┬──────────────┬────────────────────────────┐
│ Emulator       │ Host:Port    │ View in Emulator UI        │
├────────────────┼──────────────┼────────────────────────────┤
│ Authentication │ 0.0.0.0:9099 │ http://127.0.0.1:4000/auth │
└────────────────┴──────────────┴────────────────────────────┘
  Emulator Hub host: 127.0.0.1 port: 4400
  Other reserved ports: 4500

Issues? Report them at https://github.com/firebase/firebase-tools/issues and attach the *-debug.log files.
 
[debug] [2026-04-23T02:46:46.435Z] <<< [apiv2][status] GET https://firebase-public.firebaseio.com/cli.json 200
[debug] [2026-04-23T02:46:46.435Z] <<< [apiv2][body] GET https://firebase-public.firebaseio.com/cli.json {"cloudBuildErrorAfter":1594252800000,"cloudBuildWarnAfter":1590019200000,"defaultNode10After":1594252800000,"minVersion":"3.0.5","node8DeploysDisabledAfter":1613390400000,"node8RuntimeDisabledAfter":1615809600000,"node8WarnAfter":1600128000000}
